<?xml version="1.0" encoding="UTF-8"?>
<!-- Generated by org.testng.reporters.JUnitXMLReporter -->
<testsuite ignored="0" hostname="GauravAhuja" failures="0" tests="3" name="Test" time="21.242" errors="0" timestamp="2023-06-27T07:10:47 IST">
  <testcase classname="TestPackage.LoginPage" name="orangeUrl" time="15.43"/>
  <testcase classname="TestPackage.LoginPage" name="loginDataprovider" time="3.042"/>
  <testcase classname="TestPackage.LoginPage" name="loginDataprovider" time="2.599"/>
</testsuite> <!-- Test -->
