<?xml version="1.0" encoding="UTF-8"?>
<testng-results ignored="0" total="3" passed="3" failed="0" skipped="0">
  <reporter-output>
  </reporter-output>
  <suite started-at="2023-06-27T06:33:28 IST" name="Suite" finished-at="2023-06-27T06:33:49 IST" duration-ms="21766">
    <groups>
    </groups>
    <test started-at="2023-06-27T06:33:28 IST" name="Test" finished-at="2023-06-27T06:33:49 IST" duration-ms="21766">
      <class name="TestPackage.LoginPage">
        <test-method signature="orangeUrl()[pri:1, instance:TestPackage.LoginPage@3315d2d7]" started-at="2023-06-27T06:33:28 IST" name="orangeUrl" finished-at="2023-06-27T06:33:44 IST" duration-ms="15826" status="PASS">
          <reporter-output>
          </reporter-output>
        </test-method> <!-- orangeUrl -->
        <test-method signature="loginDataprovider(java.lang.String, java.lang.String)[pri:2, instance:TestPackage.LoginPage@3315d2d7]" started-at="2023-06-27T06:33:44 IST" name="loginDataprovider" data-provider="LoginData" finished-at="2023-06-27T06:33:47 IST" duration-ms="3152" status="PASS">
          <params>
            <param index="0">
              <value>
                <![CDATA[aabb@gmail.com]]>
              </value>
            </param>
            <param index="1">
              <value>
                <![CDATA[11qq11qq]]>
              </value>
            </param>
          </params>
          <reporter-output>
          </reporter-output>
        </test-method> <!-- loginDataprovider -->
        <test-method signature="loginDataprovider(java.lang.String, java.lang.String)[pri:2, instance:TestPackage.LoginPage@3315d2d7]" started-at="2023-06-27T06:33:47 IST" name="loginDataprovider" data-provider="LoginData" finished-at="2023-06-27T06:33:49 IST" duration-ms="2579" status="PASS">
          <params>
            <param index="0">
              <value>
                <![CDATA[aabbcc@gmail.com]]>
              </value>
            </param>
            <param index="1">
              <value>
                <![CDATA[552566]]>
              </value>
            </param>
          </params>
          <reporter-output>
          </reporter-output>
        </test-method> <!-- loginDataprovider -->
      </class> <!-- TestPackage.LoginPage -->
    </test> <!-- Test -->
  </suite> <!-- Suite -->
</testng-results>
